<?xml version="1.0" encoding="UTF-8"?>
<!-- Generated by org.testng.reporters.JUnitXMLReporter -->
<testsuite hostname="varsha-PC" ignored="0" name="Default test" tests="6" failures="0" timestamp="03 Jul 2020 03:26:55 GMT" time="29.563" errors="0">
  <testcase name="test4" time="0.016" classname="listeners.TestNGListenerDemo2"/>
  <testcase name="test5" time="0.003" classname="listeners.TestNGListenerDemo2"/>
  <testcase name="test6" time="0.002" classname="listeners.TestNGListenerDemo2"/>
  <testcase name="test1" time="0.002" classname="listeners.TestNGListenerDemo"/>
  <testcase name="test2" time="29.157" classname="listeners.TestNGListenerDemo"/>
  <testcase name="test3" time="0.006" classname="listeners.TestNGListenerDemo">
    <skipped/>
  </testcase> <!-- test3 -->
</testsuite> <!-- Default test -->
