<?xml version="1.0" encoding="UTF-8"?>
<!-- Generated by org.testng.reporters.JUnitXMLReporter -->
<testsuite hostname="varsha-PC" ignored="0" name="Test" tests="3" failures="0" timestamp="07 Jul 2020 14:17:47 GMT" time="17.33" errors="0">
  <testcase name="test1" time="0.02" classname="listeners.TestNGListenerDemo"/>
  <testcase name="test2" time="17.246" classname="listeners.TestNGListenerDemo"/>
  <testcase name="test3" time="0.004" classname="listeners.TestNGListenerDemo">
    <skipped/>
  </testcase> <!-- test3 -->
</testsuite> <!-- Test -->
