<?xml version="1.0" encoding="UTF-8"?>
<testsuite xmlns:xsi="http://www.w3.org/2001/XMLSchema-instance" xsi:noNamespaceSchemaLocation="https://maven.apache.org/surefire/maven-surefire-plugin/xsd/surefire-test-report.xsd" name="TestSuite" time="18.248" tests="3" errors="0" skipped="1" failures="0">
  <properties>
[...]
</properties>
  <testcase name="test1" classname="listeners.TestNGListenerDemo" time="0.02"/>
  <testcase name="test2" classname="listeners.TestNGListenerDemo" time="17.262"/>
  <testcase name="test3" classname="listeners.TestNGListenerDemo" time="0">
    <skipped message="Skip thois test..."/>
    <system-out><![CDATA[test success: test2
test started: test3
test started: test3
I am inside test3
test skipped: test3
]]></system-out>
  </testcase>
</testsuite>