<?xml version="1.0" encoding="UTF-8"?>
<testng-results skipped="0" failed="0" ignored="0" total="3" passed="3">
  <reporter-output>
  </reporter-output>
  <suite name="Suite" duration-ms="88" started-at="2020-07-06T14:22:18Z" finished-at="2020-07-06T14:22:18Z">
    <groups>
    </groups>
    <test name="Test" duration-ms="88" started-at="2020-07-06T14:22:18Z" finished-at="2020-07-06T14:22:18Z">
      <class name="listeners.TestNGListenerDemo2">
        <test-method status="PASS" signature="test4()[pri:0, instance:listeners.TestNGListenerDemo2@39c0f4a]" name="test4" duration-ms="23" started-at="2020-07-06T14:22:18Z" finished-at="2020-07-06T14:22:18Z">
          <reporter-output>
          </reporter-output>
        </test-method> <!-- test4 -->
        <test-method status="PASS" signature="test5()[pri:0, instance:listeners.TestNGListenerDemo2@39c0f4a]" name="test5" duration-ms="2" started-at="2020-07-06T14:22:18Z" finished-at="2020-07-06T14:22:18Z">
          <reporter-output>
          </reporter-output>
        </test-method> <!-- test5 -->
        <test-method status="PASS" signature="test6()[pri:0, instance:listeners.TestNGListenerDemo2@39c0f4a]" name="test6" duration-ms="2" started-at="2020-07-06T14:22:18Z" finished-at="2020-07-06T14:22:18Z">
          <reporter-output>
          </reporter-output>
        </test-method> <!-- test6 -->
      </class> <!-- listeners.TestNGListenerDemo2 -->
    </test> <!-- Test -->
  </suite> <!-- Suite -->
</testng-results>
