<?xml version="1.0" encoding="UTF-8"?>
<testng-results skipped="0" failed="0" ignored="0" total="1" passed="1">
  <reporter-output>
  </reporter-output>
  <suite name="Default suite" duration-ms="29842" started-at="2020-06-26T14:48:47Z" finished-at="2020-06-26T14:49:17Z">
    <groups>
    </groups>
    <test name="Default test" duration-ms="29842" started-at="2020-06-26T14:48:47Z" finished-at="2020-06-26T14:49:17Z">
      <class name="test.GoogleSearchTestNGexample">
        <test-method status="PASS" signature="googlesearch()[pri:0, instance:test.GoogleSearchTestNGexample@5e3a8624]" name="googlesearch" is-config="true" duration-ms="5536" started-at="2020-06-26T14:48:47Z" finished-at="2020-06-26T14:48:53Z">
          <reporter-output>
          </reporter-output>
        </test-method> <!-- googlesearch -->
        <test-method status="PASS" signature="googleaction()[pri:0, instance:test.GoogleSearchTestNGexample@5e3a8624]" name="googleaction" duration-ms="21303" started-at="2020-06-26T14:48:53Z" finished-at="2020-06-26T14:49:14Z">
          <reporter-output>
          </reporter-output>
        </test-method> <!-- googleaction -->
        <test-method status="PASS" signature="teardown()[pri:0, instance:test.GoogleSearchTestNGexample@5e3a8624]" name="teardown" is-config="true" duration-ms="2802" started-at="2020-06-26T14:49:14Z" finished-at="2020-06-26T14:49:17Z">
          <reporter-output>
          </reporter-output>
        </test-method> <!-- teardown -->
      </class> <!-- test.GoogleSearchTestNGexample -->
    </test> <!-- Default test -->
  </suite> <!-- Default suite -->
</testng-results>
