<?xml version="1.0" encoding="UTF-8"?>
<!-- Generated by org.testng.reporters.JUnitReportReporter -->
<testsuite skipped="0" hostname="varsha-PC" name="listeners.TestNGListenerDemo2" tests="3" failures="0" timestamp="06 Jul 2020 14:22:18 GMT" time="0.027" errors="0">
  <testcase name="test4" time="0.023" classname="listeners.TestNGListenerDemo2"/>
  <testcase name="test6" time="0.002" classname="listeners.TestNGListenerDemo2"/>
  <testcase name="test5" time="0.002" classname="listeners.TestNGListenerDemo2"/>
</testsuite> <!-- listeners.TestNGListenerDemo2 -->
