<?xml version="1.0" encoding="UTF-8"?>
<!-- Generated by org.testng.reporters.JUnitReportReporter -->
<testsuite skipped="1" hostname="varsha-PC" name="listeners.TestNGListenerDemo" tests="3" failures="0" timestamp="03 Jul 2020 03:26:56 GMT" time="29.165" errors="0">
  <testcase name="test2" time="29.157" classname="listeners.TestNGListenerDemo"/>
  <testcase name="test1" time="0.002" classname="listeners.TestNGListenerDemo"/>
  <testcase name="test3" time="0.006" classname="listeners.TestNGListenerDemo">
    <skipped/>
  </testcase> <!-- test3 -->
</testsuite> <!-- listeners.TestNGListenerDemo -->
